<?xml version="1.0" encoding="UTF-8"?>
<!-- Generated by org.testng.reporters.JUnitXMLReporter -->
<testsuite hostname="DASHD2" ignored="5" name="CreatePackage" tests="3" failures="1" timestamp="19 Nov 2017 04:08:06 GMT" time="30.939" errors="0">
  <testcase name="simPackageHome" time="1.669" classname="com.test.regression.VerifySIMPackege"/>
  <testcase name="createPackage" time="2.288" classname="com.test.regression.VerifySIMPackege">
    <failure type="java.lang.AssertionError" message="expected [true] but found [false]">
      <![CDATA[java.lang.AssertionError: expected [true] but found [false]
	at com.test.regression.VerifySIMPackege.createPackage(VerifySIMPackege.java:54)
... Removed 29 stack frames]]>
    </failure>
  </testcase> <!-- createPackage -->
  <testcase name="verifyTechProfCreation" time="0.05" classname="com.test.regression.VerifyTPCreation"/>
  <testcase name="@BeforeTest loadPropertiesFile" time="0.0" classname="com.framework.testbase.TestBsae">
    <ignored/>
  </testcase> <!-- @BeforeTest loadPropertiesFile -->
  <testcase name="@AfterTest closeApplication" time="0.0" classname="com.framework.testbase.TestBsae">
    <ignored/>
  </testcase> <!-- @AfterTest closeApplication -->
  <testcase name="@BeforeTest setUpApplication" time="0.0" classname="com.framework.testbase.TestBsae">
    <ignored/>
  </testcase> <!-- @BeforeTest setUpApplication -->
  <testcase name="@BeforeTest extentReports" time="0.0" classname="com.framework.testbase.TestBsae">
    <ignored/>
  </testcase> <!-- @BeforeTest extentReports -->
  <testcase name="@AfterTest endExtendedReport" time="0.0" classname="com.framework.testbase.TestBsae">
    <ignored/>
  </testcase> <!-- @AfterTest endExtendedReport -->
</testsuite> <!-- CreatePackage -->
